Arguments: 
  C:\Program Files\nodejs\node.exe C:\Users\25966\AppData\Roaming\npm\node_modules\yarn\bin\yarn.js add kaxios

PATH: 
  H:\nvm\v12.9.1\node_modules\npm\node_modules\npm-lifecycle\node-gyp-bin;C:\Users\25966\Desktop\axios封装\client\node_modules\.bin;H:\Xftp 6\;H:\Xshell 6\;C:\Program Files (x86)\Common Files\Oracle\Java\javapath;C:\Windows\system32;C:\Windows;C:\Windows\System32\Wbem;C:\Windows\System32\WindowsPowerShell\v1.0\;C:\Windows\System32\OpenSSH\;C:\Program Files (x86)\Intel\Intel(R) Management Engine Components\DAL;C:\Program Files\Intel\Intel(R) Management Engine Components\DAL;C:\Program Files (x86)\NVIDIA Corporation\PhysX\Common;C:\Program Files\NVIDIA Corporation\NVIDIA NvDLISR;C:\Program Files\Intel\WiFi\bin\;C:\Program Files\Common Files\Intel\WirelessCommon\;H:\Java\jdk7\bin;H:\Java\jdk7\jre\bin;H:\Android\android-sdk\tools;H:\Android\android-sdk\platform-tools;H:\nvm;C:\Program Files\nodejs;C:\Program Files\MySQL\MySQL Server 5.5\bin;F:\Git\cmd;H:\phpStudy\php\php-7.0.12-nts;C:\ProgramData\ComposerSetup\bin;C:\Program Files\dotnet\;D:\apache-maven-3.6.3\bin;C:\Users\25966\AppData\Local\Microsoft\WindowsApps;C:\Users\25966\AppData\Roaming\npm;H:\nvm;C:\Program Files\nodejs;H:\vscode\Microsoft VS Code\bin;C:\Users\25966\AppData\Roaming\Composer\vendor\bin;H:\PhpStorm 2019.3.3\bin;

Yarn version: 
  1.21.1

Node version: 
  12.9.1

Platform: 
  win32 x64

Trace: 
  Error: https://registry.npmjs.org/kaxios: Not found
      at Request.params.callback [as _callback] (C:\Users\25966\AppData\Roaming\npm\node_modules\yarn\lib\cli.js:66947:18)
      at Request.self.callback (C:\Users\25966\AppData\Roaming\npm\node_modules\yarn\lib\cli.js:140665:22)
      at Request.emit (events.js:209:13)
      at Request.<anonymous> (C:\Users\25966\AppData\Roaming\npm\node_modules\yarn\lib\cli.js:141637:10)
      at Request.emit (events.js:209:13)
      at IncomingMessage.<anonymous> (C:\Users\25966\AppData\Roaming\npm\node_modules\yarn\lib\cli.js:141559:12)
      at Object.onceWrapper (events.js:297:20)
      at IncomingMessage.emit (events.js:214:15)
      at endReadableNT (_stream_readable.js:1178:12)
      at processTicksAndRejections (internal/process/task_queues.js:77:11)

npm manifest: 
  {
    "name": "client",
    "version": "1.0.0",
    "description": "",
    "main": "index.js",
    "scripts": {
      "test": "echo \"Error: no test specified\" && exit 1",
      "start": "parcel ./*.html"
    },
    "keywords": [],
    "author": "",
    "license": "ISC",
    "dependencies": {
      "axios": "^0.19.2"
    }
  }

yarn manifest: 
  No manifest

Lockfile: 
  No lockfile
